{"total": {"lines":{"total":115,"covered":56,"skipped":0,"pct":48.69},"statements":{"total":117,"covered":58,"skipped":0,"pct":49.57},"functions":{"total":11,"covered":6,"skipped":0,"pct":54.54},"branches":{"total":30,"covered":13,"skipped":0,"pct":43.33},"branchesTrue":{"total":0,"covered":0,"skipped":0,"pct":"Unknown"}}
,"C:\\school\\DEVOPS\\Part2 project\\DevOps_part2\\public\\js\\addcourse_hasan.js": {"lines":{"total":28,"covered":0,"skipped":0,"pct":0},"functions":{"total":2,"covered":0,"skipped":0,"pct":0},"statements":{"total":28,"covered":0,"skipped":0,"pct":0},"branches":{"total":8,"covered":0,"skipped":0,"pct":0}}
,"C:\\school\\DEVOPS\\Part2 project\\DevOps_part2\\public\\js\\frontend_js_aiman.js": {"lines":{"total":29,"covered":0,"skipped":0,"pct":0},"functions":{"total":3,"covered":0,"skipped":0,"pct":0},"statements":{"total":29,"covered":0,"skipped":0,"pct":0},"branches":{"total":8,"covered":0,"skipped":0,"pct":0}}
,"C:\\school\\DEVOPS\\Part2 project\\DevOps_part2\\public\\js\\updatecourse.js": {"lines":{"total":58,"covered":56,"skipped":0,"pct":96.55},"functions":{"total":6,"covered":6,"skipped":0,"pct":100},"statements":{"total":60,"covered":58,"skipped":0,"pct":96.66},"branches":{"total":14,"covered":13,"skipped":0,"pct":92.85}}
}
