TN:
SF:public\js\updatecourse.js
FN:3,viewCourses
FN:8,(anonymous_1)
FN:27,editCourse
FN:38,updateCourse
FN:66,(anonymous_4)
FN:81,(anonymous_5)
FNF:6
FNH:6
FNDA:6,viewCourses
FNDA:6,(anonymous_1)
FNDA:4,editCourse
FNDA:4,updateCourse
FNDA:2,(anonymous_4)
FNDA:2,(anonymous_5)
DA:4,6
DA:5,6
DA:6,6
DA:7,6
DA:8,6
DA:9,6
DA:10,6
DA:11,6
DA:12,18
DA:21,6
DA:23,6
DA:28,4
DA:29,4
DA:30,4
DA:31,4
DA:32,4
DA:33,4
DA:34,4
DA:39,4
DA:40,4
DA:41,4
DA:42,4
DA:43,4
DA:44,4
DA:45,4
DA:48,4
DA:49,1
DA:50,1
DA:51,1
DA:55,3
DA:56,3
DA:57,1
DA:58,1
DA:59,1
DA:63,2
DA:64,2
DA:65,2
DA:66,2
DA:67,2
DA:68,2
DA:69,6
DA:70,1
DA:71,1
DA:72,1
DA:76,2
DA:78,2
DA:79,2
DA:80,2
DA:81,2
DA:82,2
DA:83,2
DA:84,1
DA:85,1
DA:87,1
DA:88,1
DA:90,0
DA:91,0
DA:94,2
LF:58
LH:56
BRDA:48,0,0,1
BRDA:48,0,1,3
BRDA:48,1,0,4
BRDA:48,1,1,3
BRDA:48,1,2,3
BRDA:48,1,3,3
BRDA:56,2,0,1
BRDA:56,2,1,2
BRDA:69,3,0,1
BRDA:69,3,1,5
BRDA:69,4,0,6
BRDA:69,4,1,2
BRDA:83,5,0,1
BRDA:83,5,1,0
BRF:14
BRH:13
end_of_record
TN:
SF:..\school\DEVOPS\Part2 project\DevOps_part2\public\js\addcourse_hasan.js
FN:1,addCourse
FN:20,(anonymous_1)
FNF:2
FNH:0
FNDA:0,addCourse
FNDA:0,(anonymous_1)
DA:2,0
DA:3,0
DA:4,0
DA:5,0
DA:6,0
DA:7,0
DA:9,0
DA:10,0
DA:11,0
DA:12,0
DA:15,0
DA:17,0
DA:18,0
DA:20,0
DA:21,0
DA:22,0
DA:23,0
DA:24,0
DA:25,0
DA:27,0
DA:28,0
DA:29,0
DA:30,0
DA:32,0
DA:35,0
DA:36,0
DA:37,0
DA:41,0
LF:28
LH:0
BRDA:9,0,0,0
BRDA:9,0,1,0
BRDA:9,1,0,0
BRDA:9,1,1,0
BRDA:9,1,2,0
BRDA:9,1,3,0
BRDA:23,2,0,0
BRDA:23,2,1,0
BRF:8
BRH:0
end_of_record
TN:
SF:..\school\DEVOPS\Part2 project\DevOps_part2\public\js\frontend_js_aiman.js
FN:2,editResource
FN:11,updateStudent
FN:28,(anonymous_2)
FNF:3
FNH:0
FNDA:0,editResource
FNDA:0,updateStudent
FNDA:0,(anonymous_2)
DA:3,0
DA:4,0
DA:5,0
DA:6,0
DA:7,0
DA:8,0
DA:12,0
DA:13,0
DA:14,0
DA:15,0
DA:16,0
DA:17,0
DA:18,0
DA:19,0
DA:21,0
DA:22,0
DA:23,0
DA:25,0
DA:26,0
DA:27,0
DA:28,0
DA:29,0
DA:30,0
DA:31,0
DA:33,0
DA:35,0
DA:38,0
DA:39,0
DA:42,0
LF:29
LH:0
BRDA:19,0,0,0
BRDA:19,0,1,0
BRDA:19,1,0,0
BRDA:19,1,1,0
BRDA:19,1,2,0
BRDA:19,1,3,0
BRDA:30,2,0,0
BRDA:30,2,1,0
BRF:8
BRH:0
end_of_record
